<?xml version="1.0" encoding="UTF-8"?>
<!-- Generated by org.testng.reporters.JUnitReportReporter -->
<testsuite hostname="DESKTOP-TD7EPD0" name="windowHandle.FindLeads" tests="2" failures="0" timestamp="27 Oct 2016 13:52:39 GMT" time="88.100" errors="0">
  <testcase name="AlertTest" time="44.103" classname="windowHandle.FindLeads"/>
  <testcase name="AlertTest" time="43.997" classname="windowHandle.FindLeads"/>
</testsuite> <!-- windowHandle.FindLeads -->
