<?xml version="1.0" encoding="UTF-8"?>
<!-- Generated by org.testng.reporters.JUnitReportReporter -->
<testsuite hostname="DESKTOP-TD7EPD0" name="Day7.testLeafAppWindow" tests="1" failures="0" timestamp="31 Oct 2016 10:21:55 GMT" time="14.646" errors="0">
  <testcase name="SingleWindow" time="14.646" classname="Day7.testLeafAppWindow"/>
</testsuite> <!-- Day7.testLeafAppWindow -->
