<?xml version="1.0" encoding="UTF-8"?>
<!-- Generated by org.testng.reporters.JUnitReportReporter -->
<testsuite hostname="DESKTOP-TD7EPD0" name="testcases.MergeLead" tests="1" failures="0" timestamp="1 Nov 2016 14:36:56 GMT" time="31.341" errors="0">
  <testcase name="loginToOpentaps" time="31.341" classname="testcases.MergeLead"/>
</testsuite> <!-- testcases.MergeLead -->
