<?xml version="1.0" encoding="UTF-8"?>
<!-- Generated by org.testng.reporters.JUnitReportReporter -->
<testsuite hostname="DESKTOP-TD7EPD0" name="windowHandle.IRCTC_Contact" tests="1" failures="0" timestamp="30 Oct 2016 09:03:02 GMT" time="11.574" errors="0">
  <testcase name="AlertTest" time="11.574" classname="windowHandle.IRCTC_Contact"/>
</testsuite> <!-- windowHandle.IRCTC_Contact -->
