<?xml version="1.0" encoding="UTF-8"?>
<!-- Generated by org.testng.reporters.JUnitReportReporter -->
<testsuite hostname="DESKTOP-TD7EPD0" name="testcases.CreateLead" tests="1" failures="0" timestamp="1 Nov 2016 09:56:18 GMT" time="93.833" errors="0">
  <testcase name="loginToOpentaps" time="93.833" classname="testcases.CreateLead"/>
</testsuite> <!-- testcases.CreateLead -->
