<?xml version="1.0" encoding="UTF-8"?>
<!-- Generated by org.testng.reporters.JUnitReportReporter -->
<testsuite hostname="DESKTOP-TD7EPD0" name="testcases.LoginFacebook" tests="1" failures="0" timestamp="1 Nov 2016 17:10:08 GMT" time="31.568" errors="0">
  <testcase name="Login" time="31.568" classname="testcases.LoginFacebook"/>
</testsuite> <!-- testcases.LoginFacebook -->
