<?xml version="1.0" encoding="UTF-8"?>
<!-- Generated by org.testng.reporters.JUnitReportReporter -->
<testsuite hostname="DESKTOP-TD7EPD0" name="contacts.FindContacts" tests="2" failures="0" timestamp="30 Oct 2016 09:11:08 GMT" time="63.989" errors="0">
  <testcase name="contacts" time="33.791" classname="contacts.FindContacts"/>
  <testcase name="contacts" time="30.198" classname="contacts.FindContacts"/>
</testsuite> <!-- contacts.FindContacts -->
