<?xml version="1.0" encoding="UTF-8"?>
<!-- Generated by org.testng.reporters.JUnitReportReporter -->
<testsuite hostname="DESKTOP-TD7EPD0" name="testcases.Login" tests="1" failures="0" timestamp="31 Oct 2016 14:12:22 GMT" time="29.362" errors="0">
  <testcase name="loginToOpentaps" time="29.362" classname="testcases.Login"/>
</testsuite> <!-- testcases.Login -->
