<?xml version="1.0" encoding="UTF-8"?>
<!-- Generated by org.testng.reporters.JUnitReportReporter -->
<testsuite hostname="DESKTOP-TD7EPD0" name="contacts.CreateContacts" tests="2" failures="0" timestamp="30 Oct 2016 09:15:42 GMT" time="81.533" errors="0">
  <testcase name="contacts" time="41.537" classname="contacts.CreateContacts"/>
  <testcase name="contacts" time="39.996" classname="contacts.CreateContacts"/>
</testsuite> <!-- contacts.CreateContacts -->
