<?xml version="1.0" encoding="UTF-8"?>
<!-- Generated by org.testng.reporters.JUnitReportReporter -->
<testsuite hostname="DESKTOP-TD7EPD0" name="testcases.LoginLinkedIn" tests="1" failures="0" timestamp="1 Nov 2016 06:36:27 GMT" time="20.352" errors="0">
  <testcase name="LoginLinkedInTest" time="20.352" classname="testcases.LoginLinkedIn"/>
</testsuite> <!-- testcases.LoginLinkedIn -->
